------------------------------------------------------------------------------------------------------------------------

[2021-11-17 16:11:10 #1 store] 
Database 'C:\Users\tomas\Workspace\IOO-TPO-2021\libs\db\p2.odb' is opened by 14736@DESKTOP-CK22ANI

[2021-11-17 16:11:10 #2 store] 
Configuration path: ?

[2021-11-17 16:11:10 #3 type] 
Type com.iootpo.Model.User is not enhanced.

[2021-11-17 16:11:10 #4 type] 
Type com.iootpo.Model.Admin is not enhanced.

[2021-11-17 16:11:10 #5 type] 
Type com.iootpo.Model.Patient is not enhanced.

[2021-11-17 16:11:10 #6 type] 
Type com.iootpo.Model.Dentist is not enhanced.

[2021-11-17 16:11:10 #7 type] 
Type com.iootpo.Model.Appointment is not enhanced.

------------------------------------------------------------------------------------------------------------------------

[2021-11-17 16:12:46 #1 store] 
Database 'C:\Users\tomas\Workspace\IOO-TPO-2021\libs\db\p2.odb' has been recovered (tr. 12-18)

[2021-11-17 16:12:46 #2 store] 
Database 'C:\Users\tomas\Workspace\IOO-TPO-2021\libs\db\p2.odb' is opened by 13536@DESKTOP-CK22ANI

[2021-11-17 16:12:46 #3 store] 
Configuration path: ?

[2021-11-17 16:12:46 #4 type] 
Type com.iootpo.Model.User is not enhanced.

[2021-11-17 16:12:46 #5 type] 
Type com.iootpo.Model.Admin is not enhanced.

[2021-11-17 16:12:46 #6 type] 
Type com.iootpo.Model.Patient is not enhanced.

[2021-11-17 16:12:46 #7 type] 
Type com.iootpo.Model.Dentist is not enhanced.

[2021-11-17 16:12:46 #8 type] 
Type com.iootpo.Model.Appointment is not enhanced.

------------------------------------------------------------------------------------------------------------------------

[2021-11-17 16:13:15 #1 store] 
Database 'C:\Users\tomas\Workspace\IOO-TPO-2021\libs\db\p2.odb' has been recovered (tr. 19-21)

[2021-11-17 16:13:15 #2 store] 
Database 'C:\Users\tomas\Workspace\IOO-TPO-2021\libs\db\p2.odb' is opened by 18856@DESKTOP-CK22ANI

[2021-11-17 16:13:15 #3 store] 
Configuration path: ?

[2021-11-17 16:13:15 #4 type] 
Type com.iootpo.Model.User is not enhanced.

[2021-11-17 16:13:15 #5 type] 
Type com.iootpo.Model.Admin is not enhanced.

[2021-11-17 16:13:15 #6 type] 
Type com.iootpo.Model.Patient is not enhanced.

[2021-11-17 16:13:15 #7 type] 
Type com.iootpo.Model.Dentist is not enhanced.

[2021-11-17 16:13:15 #8 type] 
Type com.iootpo.Model.Appointment is not enhanced.

------------------------------------------------------------------------------------------------------------------------

[2021-11-17 16:13:32 #1 store] 
Database 'C:\Users\tomas\Workspace\IOO-TPO-2021\libs\db\p2.odb' has been recovered (tr. 22-23)

[2021-11-17 16:13:32 #2 store] 
Database 'C:\Users\tomas\Workspace\IOO-TPO-2021\libs\db\p2.odb' is opened by 9176@DESKTOP-CK22ANI

[2021-11-17 16:13:32 #3 store] 
Configuration path: ?

[2021-11-17 16:13:32 #4 type] 
Type com.iootpo.Model.User is not enhanced.

[2021-11-17 16:13:32 #5 type] 
Type com.iootpo.Model.Admin is not enhanced.

[2021-11-17 16:13:32 #6 type] 
Type com.iootpo.Model.Patient is not enhanced.

[2021-11-17 16:13:32 #7 type] 
Type com.iootpo.Model.Dentist is not enhanced.

[2021-11-17 16:13:32 #8 type] 
Type com.iootpo.Model.Appointment is not enhanced.

------------------------------------------------------------------------------------------------------------------------

[2021-11-17 16:14:55 #1 store] 
Database 'C:\Users\tomas\Workspace\IOO-TPO-2021\libs\db\p2.odb' is opened by 16196@DESKTOP-CK22ANI

[2021-11-17 16:14:55 #2 store] 
Configuration path: ?

[2021-11-17 16:14:55 #3 type] 
Type com.iootpo.Model.User is not enhanced.

[2021-11-17 16:14:55 #4 type] 
Type com.iootpo.Model.Admin is not enhanced.

[2021-11-17 16:14:55 #5 type] 
Type com.iootpo.Model.Patient is not enhanced.

[2021-11-17 16:14:55 #6 type] 
Type com.iootpo.Model.Dentist is not enhanced.

[2021-11-17 16:14:55 #7 type] 
Type com.iootpo.Model.Appointment is not enhanced.

------------------------------------------------------------------------------------------------------------------------

[2021-11-17 16:15:14 #1 store] 
Database 'C:\Users\tomas\Workspace\IOO-TPO-2021\libs\db\p2.odb' has been recovered (tr. 24-25)

[2021-11-17 16:15:14 #2 store] 
Database 'C:\Users\tomas\Workspace\IOO-TPO-2021\libs\db\p2.odb' is opened by 21632@DESKTOP-CK22ANI

[2021-11-17 16:15:14 #3 store] 
Configuration path: ?

[2021-11-17 16:15:14 #4 type] 
Type com.iootpo.Model.User is not enhanced.

[2021-11-17 16:15:14 #5 type] 
Type com.iootpo.Model.Admin is not enhanced.

[2021-11-17 16:15:14 #6 type] 
Type com.iootpo.Model.Patient is not enhanced.

[2021-11-17 16:15:14 #7 type] 
Type com.iootpo.Model.Dentist is not enhanced.

[2021-11-17 16:15:14 #8 type] 
Type com.iootpo.Model.Appointment is not enhanced.

------------------------------------------------------------------------------------------------------------------------

[2021-11-17 16:16:33 #1 store] 
Database 'C:\Users\tomas\Workspace\IOO-TPO-2021\libs\db\p2.odb' is opened by 7916@DESKTOP-CK22ANI

[2021-11-17 16:16:33 #2 store] 
Configuration path: ?

[2021-11-17 16:16:33 #3 type] 
Type com.iootpo.Model.User is not enhanced.

[2021-11-17 16:16:33 #4 type] 
Type com.iootpo.Model.Admin is not enhanced.

[2021-11-17 16:16:33 #5 type] 
Type com.iootpo.Model.Patient is not enhanced.

[2021-11-17 16:16:33 #6 type] 
Type com.iootpo.Model.Dentist is not enhanced.

[2021-11-17 16:16:33 #7 type] 
Type com.iootpo.Model.Appointment is not enhanced.

------------------------------------------------------------------------------------------------------------------------

[2021-11-17 16:17:15 #1 store] 
Database 'C:\Users\tomas\Workspace\IOO-TPO-2021\libs\db\p2.odb' has been recovered (tr. 26-32)

[2021-11-17 16:17:15 #2 store] 
Database 'C:\Users\tomas\Workspace\IOO-TPO-2021\libs\db\p2.odb' is opened by 10072@DESKTOP-CK22ANI

[2021-11-17 16:17:15 #3 store] 
Configuration path: ?

[2021-11-17 16:17:15 #4 type] 
Type com.iootpo.Model.User is not enhanced.

[2021-11-17 16:17:15 #5 type] 
Type com.iootpo.Model.Admin is not enhanced.

[2021-11-17 16:17:15 #6 type] 
Type com.iootpo.Model.Patient is not enhanced.

[2021-11-17 16:17:15 #7 type] 
Type com.iootpo.Model.Dentist is not enhanced.

[2021-11-17 16:17:15 #8 type] 
Type com.iootpo.Model.Appointment is not enhanced.

------------------------------------------------------------------------------------------------------------------------

[2021-11-17 16:17:39 #1 store] 
Database 'C:\Users\tomas\Workspace\IOO-TPO-2021\libs\db\p2.odb' is opened by 22848@DESKTOP-CK22ANI

[2021-11-17 16:17:39 #2 store] 
Configuration path: ?

[2021-11-17 16:17:39 #3 type] 
Type com.iootpo.Model.User is not enhanced.

[2021-11-17 16:17:39 #4 type] 
Type com.iootpo.Model.Admin is not enhanced.

[2021-11-17 16:17:39 #5 type] 
Type com.iootpo.Model.Patient is not enhanced.

[2021-11-17 16:17:39 #6 type] 
Type com.iootpo.Model.Dentist is not enhanced.

[2021-11-17 16:17:39 #7 type] 
Type com.iootpo.Model.Appointment is not enhanced.

------------------------------------------------------------------------------------------------------------------------

[2021-11-17 16:17:53 #1 store] 
Database 'C:\Users\tomas\Workspace\IOO-TPO-2021\libs\db\p2.odb' has been recovered (tr. 33-33)

[2021-11-17 16:17:53 #2 store] 
Database 'C:\Users\tomas\Workspace\IOO-TPO-2021\libs\db\p2.odb' is opened by 10772@DESKTOP-CK22ANI

[2021-11-17 16:17:53 #3 store] 
Configuration path: ?

[2021-11-17 16:17:53 #4 type] 
Type com.iootpo.Model.User is not enhanced.

[2021-11-17 16:17:53 #5 type] 
Type com.iootpo.Model.Admin is not enhanced.

[2021-11-17 16:17:53 #6 type] 
Type com.iootpo.Model.Patient is not enhanced.

[2021-11-17 16:17:53 #7 type] 
Type com.iootpo.Model.Dentist is not enhanced.

[2021-11-17 16:17:53 #8 type] 
Type com.iootpo.Model.Appointment is not enhanced.

------------------------------------------------------------------------------------------------------------------------

[2021-11-17 16:18:08 #1 store] 
Database 'C:\Users\tomas\Workspace\IOO-TPO-2021\libs\db\p2.odb' is opened by 9972@DESKTOP-CK22ANI

[2021-11-17 16:18:08 #2 store] 
Configuration path: ?

[2021-11-17 16:18:08 #3 type] 
Type com.iootpo.Model.User is not enhanced.

[2021-11-17 16:18:08 #4 type] 
Type com.iootpo.Model.Admin is not enhanced.

[2021-11-17 16:18:08 #5 type] 
Type com.iootpo.Model.Patient is not enhanced.

[2021-11-17 16:18:08 #6 type] 
Type com.iootpo.Model.Dentist is not enhanced.

[2021-11-17 16:18:08 #7 type] 
Type com.iootpo.Model.Appointment is not enhanced.

------------------------------------------------------------------------------------------------------------------------

[2021-11-17 16:18:52 #1 store] 
Database 'C:\Users\tomas\Workspace\IOO-TPO-2021\libs\db\p2.odb' is opened by 12612@DESKTOP-CK22ANI

[2021-11-17 16:18:52 #2 store] 
Configuration path: ?

[2021-11-17 16:18:52 #3 type] 
Type com.iootpo.Model.User is not enhanced.

[2021-11-17 16:18:52 #4 type] 
Type com.iootpo.Model.Admin is not enhanced.

[2021-11-17 16:18:52 #5 type] 
Type com.iootpo.Model.Patient is not enhanced.

[2021-11-17 16:18:52 #6 type] 
Type com.iootpo.Model.Dentist is not enhanced.

[2021-11-17 16:18:52 #7 type] 
Type com.iootpo.Model.Appointment is not enhanced.

------------------------------------------------------------------------------------------------------------------------

[2021-11-17 16:19:39 #1 store] 
Database 'C:\Users\tomas\Workspace\IOO-TPO-2021\libs\db\p2.odb' is opened by 4580@DESKTOP-CK22ANI

[2021-11-17 16:19:39 #2 store] 
Configuration path: ?

[2021-11-17 16:19:39 #3 type] 
Type com.iootpo.Model.User is not enhanced.

[2021-11-17 16:19:39 #4 type] 
Type com.iootpo.Model.Admin is not enhanced.

[2021-11-17 16:19:39 #5 type] 
Type com.iootpo.Model.Patient is not enhanced.

[2021-11-17 16:19:39 #6 type] 
Type com.iootpo.Model.Dentist is not enhanced.

[2021-11-17 16:19:39 #7 type] 
Type com.iootpo.Model.Appointment is not enhanced.

------------------------------------------------------------------------------------------------------------------------

[2021-11-17 16:20:20 #1 store] 
Database 'C:\Users\tomas\Workspace\IOO-TPO-2021\libs\db\p2.odb' is opened by 4664@DESKTOP-CK22ANI

[2021-11-17 16:20:20 #2 store] 
Configuration path: ?

[2021-11-17 16:20:20 #3 type] 
Type com.iootpo.Model.User is not enhanced.

[2021-11-17 16:20:20 #4 type] 
Type com.iootpo.Model.Admin is not enhanced.

[2021-11-17 16:20:20 #5 type] 
Type com.iootpo.Model.Patient is not enhanced.

[2021-11-17 16:20:20 #6 type] 
Type com.iootpo.Model.Dentist is not enhanced.

[2021-11-17 16:20:20 #7 type] 
Type com.iootpo.Model.Appointment is not enhanced.

