------------------------------------------------------------------------------------------------------------------------

[2021-11-13 12:22:09 #1 store] 
Database 'C:\Users\tomas\Workspace\IOO-TPO-2021\libs\db\p2.odb' is opened by 20740@DESKTOP-CK22ANI

[2021-11-13 12:22:09 #2 store] 
Configuration path: ?

[2021-11-13 12:22:09 #3 type] 
Type com.iootpo.Model.User is not enhanced.

------------------------------------------------------------------------------------------------------------------------

[2021-11-13 12:25:02 #1 store] 
Database 'C:\Users\tomas\Workspace\IOO-TPO-2021\libs\db\p2.odb' has been recovered (tr. 13-14)

[2021-11-13 12:25:02 #2 store] 
Database 'C:\Users\tomas\Workspace\IOO-TPO-2021\libs\db\p2.odb' is opened by 11076@DESKTOP-CK22ANI

[2021-11-13 12:25:02 #3 store] 
Configuration path: ?

[2021-11-13 12:25:02 #4 type] 
Type com.iootpo.Model.User is not enhanced.

------------------------------------------------------------------------------------------------------------------------

[2021-11-13 12:25:44 #1 store] 
Database 'C:\Users\tomas\Workspace\IOO-TPO-2021\libs\db\p2.odb' has been recovered (tr. 16-17)

[2021-11-13 12:25:44 #2 store] 
Database 'C:\Users\tomas\Workspace\IOO-TPO-2021\libs\db\p2.odb' is opened by 15112@DESKTOP-CK22ANI

[2021-11-13 12:25:44 #3 store] 
Configuration path: ?

[2021-11-13 12:25:44 #4 type] 
Type com.iootpo.Model.User is not enhanced.

------------------------------------------------------------------------------------------------------------------------

[2021-11-13 12:26:31 #1 store] 
Database 'C:\Users\tomas\Workspace\IOO-TPO-2021\libs\db\p2.odb' is opened by 18496@DESKTOP-CK22ANI

[2021-11-13 12:26:31 #2 store] 
Configuration path: ?

[2021-11-13 12:26:31 #3 type] 
Type com.iootpo.Model.User is not enhanced.

------------------------------------------------------------------------------------------------------------------------

[2021-11-13 12:31:43 #1 store] 
Database 'C:\Users\tomas\Workspace\IOO-TPO-2021\libs\db\p2.odb' is opened by 16920@DESKTOP-CK22ANI

[2021-11-13 12:31:43 #2 store] 
Configuration path: ?

[2021-11-13 12:31:43 #3 type] 
Type com.iootpo.Model.User is not enhanced.

------------------------------------------------------------------------------------------------------------------------

[2021-11-13 12:35:20 #1 store] 
Database 'C:\Users\tomas\Workspace\IOO-TPO-2021\libs\db\p2.odb' is opened by 11676@DESKTOP-CK22ANI

[2021-11-13 12:35:20 #2 store] 
Configuration path: ?

[2021-11-13 12:35:20 #3 type] 
Type com.iootpo.Model.User is not enhanced.

------------------------------------------------------------------------------------------------------------------------

[2021-11-13 12:42:10 #1 store] 
Database 'C:\Users\tomas\Workspace\IOO-TPO-2021\libs\db\p2.odb' has been recovered (tr. 18-21)

[2021-11-13 12:42:10 #2 store] 
Database 'C:\Users\tomas\Workspace\IOO-TPO-2021\libs\db\p2.odb' is opened by 2516@DESKTOP-CK22ANI

[2021-11-13 12:42:10 #3 store] 
Configuration path: ?

[2021-11-13 12:42:10 #4 type] 
Type com.iootpo.Model.User is not enhanced.

------------------------------------------------------------------------------------------------------------------------

[2021-11-13 12:44:07 #1 store] 
Database 'C:\Users\tomas\Workspace\IOO-TPO-2021\libs\db\p2.odb' is opened by 17072@DESKTOP-CK22ANI

[2021-11-13 12:44:07 #2 store] 
Configuration path: ?

[2021-11-13 12:44:07 #3 type] 
Type com.iootpo.Model.User is not enhanced.

------------------------------------------------------------------------------------------------------------------------

[2021-11-13 12:45:07 #1 store] 
Database 'C:\Users\tomas\Workspace\IOO-TPO-2021\libs\db\p2.odb' has been recovered (tr. 22-24)

[2021-11-13 12:45:07 #2 store] 
Database 'C:\Users\tomas\Workspace\IOO-TPO-2021\libs\db\p2.odb' is opened by 6372@DESKTOP-CK22ANI

[2021-11-13 12:45:07 #3 store] 
Configuration path: ?

[2021-11-13 12:45:07 #4 type] 
Type com.iootpo.Model.User is not enhanced.

------------------------------------------------------------------------------------------------------------------------

[2021-11-13 12:46:26 #1 store] 
Database 'C:\Users\tomas\Workspace\IOO-TPO-2021\libs\db\p2.odb' is opened by 22452@DESKTOP-CK22ANI

[2021-11-13 12:46:26 #2 store] 
Configuration path: ?

[2021-11-13 12:46:26 #3 type] 
Type com.iootpo.Model.User is not enhanced.

------------------------------------------------------------------------------------------------------------------------

[2021-11-13 12:47:58 #1 store] 
Database 'C:\Users\tomas\Workspace\IOO-TPO-2021\libs\db\p2.odb' is opened by 3180@DESKTOP-CK22ANI

[2021-11-13 12:47:58 #2 store] 
Configuration path: ?

[2021-11-13 12:47:58 #3 type] 
Type com.iootpo.Model.User is not enhanced.

------------------------------------------------------------------------------------------------------------------------

[2021-11-13 12:48:13 #1 store] 
Database 'C:\Users\tomas\Workspace\IOO-TPO-2021\libs\db\p2.odb' is opened by 18492@DESKTOP-CK22ANI

[2021-11-13 12:48:13 #2 store] 
Configuration path: ?

[2021-11-13 12:48:13 #3 type] 
Type com.iootpo.Model.User is not enhanced.

------------------------------------------------------------------------------------------------------------------------

[2021-11-13 12:48:27 #1 store] 
Database 'C:\Users\tomas\Workspace\IOO-TPO-2021\libs\db\p2.odb' is opened by 22476@DESKTOP-CK22ANI

[2021-11-13 12:48:27 #2 store] 
Configuration path: ?

[2021-11-13 12:48:27 #3 type] 
Type com.iootpo.Model.User is not enhanced.

------------------------------------------------------------------------------------------------------------------------

[2021-11-13 12:48:41 #1 store] 
Database 'C:\Users\tomas\Workspace\IOO-TPO-2021\libs\db\p2.odb' is opened by 16312@DESKTOP-CK22ANI

[2021-11-13 12:48:41 #2 store] 
Configuration path: ?

[2021-11-13 12:48:41 #3 type] 
Type com.iootpo.Model.User is not enhanced.

------------------------------------------------------------------------------------------------------------------------

[2021-11-13 12:49:13 #1 store] 
Database 'C:\Users\tomas\Workspace\IOO-TPO-2021\libs\db\p2.odb' is opened by 15136@DESKTOP-CK22ANI

[2021-11-13 12:49:13 #2 store] 
Configuration path: ?

[2021-11-13 12:49:13 #3 type] 
Type com.iootpo.Model.User is not enhanced.

------------------------------------------------------------------------------------------------------------------------

[2021-11-13 12:50:31 #1 store] 
Database 'C:\Users\tomas\Workspace\IOO-TPO-2021\libs\db\p2.odb' is opened by 12684@DESKTOP-CK22ANI

[2021-11-13 12:50:31 #2 store] 
Configuration path: ?

[2021-11-13 12:50:31 #3 type] 
Type com.iootpo.Model.User is not enhanced.

------------------------------------------------------------------------------------------------------------------------

[2021-11-13 12:50:55 #1 store] 
Database 'C:\Users\tomas\Workspace\IOO-TPO-2021\libs\db\p2.odb' is opened by 16692@DESKTOP-CK22ANI

[2021-11-13 12:50:55 #2 store] 
Configuration path: ?

[2021-11-13 12:50:55 #3 type] 
Type com.iootpo.Model.User is not enhanced.

------------------------------------------------------------------------------------------------------------------------

[2021-11-13 12:51:14 #1 store] 
Database 'C:\Users\tomas\Workspace\IOO-TPO-2021\libs\db\p2.odb' is opened by 7832@DESKTOP-CK22ANI

[2021-11-13 12:51:14 #2 store] 
Configuration path: ?

[2021-11-13 12:51:14 #3 type] 
Type com.iootpo.Model.User is not enhanced.

