------------------------------------------------------------------------------------------------------------------------

[2021-10-13 21:37:31 #1 store] 
Database 'C:\Users\tomas\Workspace\IOO-TPO-2021\libs\db\p2.odb' is opened by 17160@DESKTOP-CK22ANI

[2021-10-13 21:37:31 #2 store] 
Configuration path: ?

------------------------------------------------------------------------------------------------------------------------

[2021-10-13 21:39:03 #1 store] 
Database 'C:\Users\tomas\Workspace\IOO-TPO-2021\libs\db\p2.odb' has been recovered (tr. 1-2)

[2021-10-13 21:39:03 #2 store] 
Database 'C:\Users\tomas\Workspace\IOO-TPO-2021\libs\db\p2.odb' is opened by 20020@DESKTOP-CK22ANI

[2021-10-13 21:39:03 #3 store] 
Configuration path: ?

[2021-10-13 21:39:03 #4 type] 
Type com.iootpo.Model.User is not enhanced.

------------------------------------------------------------------------------------------------------------------------

[2021-10-13 21:40:18 #1 store] 
Database 'C:\Users\tomas\Workspace\IOO-TPO-2021\libs\db\p2.odb' has been recovered (tr. 3-4)

[2021-10-13 21:40:18 #2 store] 
Database 'C:\Users\tomas\Workspace\IOO-TPO-2021\libs\db\p2.odb' is opened by 3768@DESKTOP-CK22ANI

[2021-10-13 21:40:18 #3 store] 
Configuration path: ?

[2021-10-13 21:40:18 #4 type] 
Type com.iootpo.Model.User is not enhanced.

------------------------------------------------------------------------------------------------------------------------

[2021-10-13 21:40:51 #1 store] 
Database 'C:\Users\tomas\Workspace\IOO-TPO-2021\libs\db\p2.odb' is opened by 18768@DESKTOP-CK22ANI

[2021-10-13 21:40:51 #2 store] 
Configuration path: ?

[2021-10-13 21:40:51 #3 type] 
Type com.iootpo.Model.User is not enhanced.

------------------------------------------------------------------------------------------------------------------------

[2021-10-13 21:43:06 #1 store] 
Database 'C:\Users\tomas\Workspace\IOO-TPO-2021\libs\db\p2.odb' is opened by 18184@DESKTOP-CK22ANI

[2021-10-13 21:43:06 #2 store] 
Configuration path: ?

[2021-10-13 21:43:06 #3 type] 
Type com.iootpo.Model.User is not enhanced.

------------------------------------------------------------------------------------------------------------------------

[2021-10-13 21:44:58 #1 store] 
Database 'C:\Users\tomas\Workspace\IOO-TPO-2021\libs\db\p2.odb' has been recovered (tr. 5-5)

[2021-10-13 21:44:58 #2 store] 
Database 'C:\Users\tomas\Workspace\IOO-TPO-2021\libs\db\p2.odb' is opened by 8668@DESKTOP-CK22ANI

[2021-10-13 21:44:58 #3 store] 
Configuration path: ?

[2021-10-13 21:44:58 #4 type] 
Type com.iootpo.Model.User is not enhanced.

------------------------------------------------------------------------------------------------------------------------

[2021-10-13 21:48:03 #1 store] 
Database 'C:\Users\tomas\Workspace\IOO-TPO-2021\libs\db\p2.odb' has been recovered (tr. 6-6)

[2021-10-13 21:48:03 #2 store] 
Database 'C:\Users\tomas\Workspace\IOO-TPO-2021\libs\db\p2.odb' is opened by 5936@DESKTOP-CK22ANI

[2021-10-13 21:48:03 #3 store] 
Configuration path: ?

[2021-10-13 21:48:03 #4 type] 
Type com.iootpo.Model.User is not enhanced.

------------------------------------------------------------------------------------------------------------------------

[2021-10-13 21:51:59 #1 store] 
Database 'C:\Users\tomas\Workspace\IOO-TPO-2021\libs\db\p2.odb' has been recovered (tr. 7-7)

[2021-10-13 21:51:59 #2 store] 
Database 'C:\Users\tomas\Workspace\IOO-TPO-2021\libs\db\p2.odb' is opened by 20312@DESKTOP-CK22ANI

[2021-10-13 21:51:59 #3 store] 
Configuration path: ?

[2021-10-13 21:51:59 #4 type] 
Type com.iootpo.Model.User is not enhanced.

------------------------------------------------------------------------------------------------------------------------

[2021-10-13 22:20:17 #1 store] 
Database 'C:\Users\tomas\Workspace\IOO-TPO-2021\libs\db\p2.odb' has been recovered (tr. 8-11)

[2021-10-13 22:20:17 #2 store] 
Database 'C:\Users\tomas\Workspace\IOO-TPO-2021\libs\db\p2.odb' is opened by 21396@DESKTOP-CK22ANI

[2021-10-13 22:20:17 #3 store] 
Configuration path: ?

[2021-10-13 22:20:17 #4 type] 
Type com.iootpo.Model.User is not enhanced.

------------------------------------------------------------------------------------------------------------------------

[2021-10-13 22:20:52 #1 store] 
Database 'C:\Users\tomas\Workspace\IOO-TPO-2021\libs\db\p2.odb' has been recovered (tr. 12-12)

[2021-10-13 22:20:52 #2 store] 
Database 'C:\Users\tomas\Workspace\IOO-TPO-2021\libs\db\p2.odb' is opened by 13460@DESKTOP-CK22ANI

[2021-10-13 22:20:52 #3 store] 
Configuration path: ?

[2021-10-13 22:20:52 #4 type] 
Type com.iootpo.Model.User is not enhanced.

------------------------------------------------------------------------------------------------------------------------

[2021-10-13 22:47:18 #1 store] 
Database 'C:\Users\tomas\Workspace\IOO-TPO-2021\libs\db\p2.odb' is opened by 20220@DESKTOP-CK22ANI

[2021-10-13 22:47:18 #2 store] 
Configuration path: ?

[2021-10-13 22:47:18 #3 type] 
Type com.iootpo.Model.User is not enhanced.

